<?xml version="1.0" encoding="UTF-8"?>
<!-- Generated by org.testng.reporters.JUnitReportReporter -->
<testsuite hostname="Ashlesha" failures="0" tests="1" name="test.PB_TC_1020_ValidatePolicyUserName" time="21.708" errors="0" timestamp="2023-07-10T20:06:34 IST" skipped="0">
  <testcase classname="test.PB_TC_1020_ValidatePolicyUserName" name="validateUserName" time="21.708">
    <system-out>
      <![CDATA[waiting for 1000 milli sec
getting actual userName
waiting for 2000 milli sec
reading data UN from propertyFile
taking screenshot
screenShot location isC:\software testing notes\Screenshot\Ashlesha MorePB_TC_1234.png]]>
    </system-out>
  </testcase> <!-- validateUserName -->
  <system-out>
    <![CDATA[waiting for 100 milli sec
reading data url from propertyFile
Launching browser
waiting for 1000 milli sec
clickingOnHomePageSignInButton
waiting for 1000 milli sec
reading data mobNum from propertyFile
entering mobile number
waiting for 1000 milli sec
clicking on signInWithPassword
waiting for 1000 milli sec
reading data pwd from propertyFile
entring password
waiting for 2000 milli sec
clicking on signInButton
waiting for 2000 milli sec
clicking on myAccount Button
waiting for 2000 milli sec
clicking on myProfile Button
waiting for 3000 milli sec
switching to child page
waiting for 2000 milli sec
waiting for 1000 milli sec
getting actual userName
waiting for 2000 milli sec
reading data UN from propertyFile
taking screenshot
screenShot location isC:\software testing notes\Screenshot\Ashlesha MorePB_TC_1234.png
logging out...
waiting for 2000 milli sec
closing browser]]>
  </system-out>
</testsuite> <!-- test.PB_TC_1020_ValidatePolicyUserName -->
